2026-06-09 10:14:24,369 | DEBUG    | Thread-5 (process_request_thread) | 客户端请求领取任务
{
  "username": "britney",
  "limit": 1
}
2026-06-09 10:14:25,758 | DEBUG    | Thread-5 (process_request_thread) | 外部任务已写入本地队列
{
  "externalTaskId": "892995786324742183",
  "taskName": "外部任务 892995786324742183",
  "targetUrl": "http://a.m.taobao.com/i922359089444.htm?&utd_id=acPBP4mDCHMDAGdRm7QM3kdx&skuId=5797807580189&sid=45e6aab1601028480ab1eef29d830a9e&mi_id=0000qJf7Uwc3wUy3e-AK3hgEKdUDgz7ET4EJ4CZkoff263w"
}
2026-06-09 10:14:25,762 | DEBUG    | Thread-5 (process_request_thread) | 客户端领取任务完成
{
  "username": "britney",
  "count": 1,
  "taskIds": [
    "892995786324742183"
  ]
}
2026-06-09 10:15:02,856 | DEBUG    | Thread-11 (process_request_thread) | 客户端请求领取任务
{
  "username": "britney",
  "limit": 1
}
2026-06-09 10:15:04,213 | DEBUG    | Thread-11 (process_request_thread) | 外部任务已写入本地队列
{
  "externalTaskId": "892995785812885506",
  "taskName": "外部任务 892995785812885506",
  "targetUrl": "http://a.m.taobao.com/i993712313989.htm?&utd_id=aVnhUV7UO%2FQDAG0r6kt%2FW3N3&ttid=1568860058617%40taobao_android_10.59.20&v=1.0&sid=25cd4f6bd1f6cc174673e97a89c816f1"
}
2026-06-09 10:15:04,219 | DEBUG    | Thread-11 (process_request_thread) | 客户端领取任务完成
{
  "username": "britney",
  "count": 1,
  "taskIds": [
    "892995785812885506"
  ]
}
2026-06-09 10:15:59,177 | DEBUG    | Thread-17 (process_request_thread) | 客户端请求领取任务
{
  "username": "britney",
  "limit": 1
}
2026-06-09 10:16:00,540 | DEBUG    | Thread-17 (process_request_thread) | 外部任务已写入本地队列
{
  "externalTaskId": "892995785561215033",
  "taskName": "外部任务 892995785561215033",
  "targetUrl": "http://a.m.taobao.com/i1006010595628.htm?&utd_id=aVnhUV7UO%2FQDAG0r6kt%2FW3N3&ttid=1568860058617%40taobao_android_10.59.20&v=1.0&sid=25cd4f6bd1f6cc174673e97a89c816f1"
}
2026-06-09 10:16:00,545 | DEBUG    | Thread-17 (process_request_thread) | 客户端领取任务完成
{
  "username": "britney",
  "count": 1,
  "taskIds": [
    "892995785561215033"
  ]
}
2026-06-09 10:16:50,072 | DEBUG    | Thread-28 (process_request_thread) | 客户端请求领取任务
{
  "username": "britney",
  "limit": 1
}
2026-06-09 10:16:51,442 | DEBUG    | Thread-28 (process_request_thread) | 外部任务已写入本地队列
{
  "externalTaskId": "892995785548640337",
  "taskName": "外部任务 892995785548640337",
  "targetUrl": "http://a.m.taobao.com/i1040928830025.htm?&utd_id=afMNFcYPMZIDANNmf73mWLos&ttid=1568860058617%40taobao_android_10.59.40&v=1.0&sid=135873b8441c7ff2ae5aced7d4cadd9f"
}
2026-06-09 10:16:51,447 | DEBUG    | Thread-28 (process_request_thread) | 客户端领取任务完成
{
  "username": "britney",
  "count": 1,
  "taskIds": [
    "892995785548640337"
  ]
}
2026-06-09 10:17:44,213 | DEBUG    | Thread-34 (process_request_thread) | 客户端请求领取任务
{
  "username": "britney",
  "limit": 1
}
2026-06-09 10:17:45,583 | DEBUG    | Thread-34 (process_request_thread) | 外部任务已写入本地队列
{
  "externalTaskId": "892995785536065633",
  "taskName": "免押出租vivo x200ultra x200pro x300pro演唱会神器长焦手机租赁",
  "targetUrl": "http://item.taobao.com/item.htm?id=765781959511&ns=1&abbucket=9&xxc=taobaoSearch&mi_id=0000_juOr3_R7EN6ohzAkLCX-S2c8GdBcO3T0S9khP5qACg&skuId=5780911089912"
}
2026-06-09 10:17:45,585 | DEBUG    | Thread-34 (process_request_thread) | 客户端领取任务完成
{
  "username": "britney",
  "count": 1,
  "taskIds": [
    "892995785536065633"
  ]
}
2026-06-09 10:18:39,348 | DEBUG    | Thread-40 (process_request_thread) | 客户端请求领取任务
{
  "username": "britney",
  "limit": 1
}
2026-06-09 10:18:40,690 | DEBUG    | Thread-40 (process_request_thread) | 外部任务缺少必要字段，已跳过
{
  "payload": {
    "taskId": "892995785502662683",
    "content": {
      "competitorId": "1049134249858",
      "keyWord": "",
      "picUrl": "",
      "recallCnt": 0,
      "shopId": "",
      "shopUrl": "",
      "brandId": "",
      "brandName": "",
      "targetUrl": "",
      "extInfo": "",
      "pageNum": 0,
      "pageSize": 0,
      "sortType": "DEFAULT_SEARCH_SORT",
      "itemName": "",
      "maxPage": 0
    },
    "priority": 90
  }
}
2026-06-09 10:18:40,693 | DEBUG    | Thread-40 (process_request_thread) | 客户端领取任务完成
{
  "username": "britney",
  "count": 0,
  "taskIds": []
}
2026-06-09 10:18:51,203 | DEBUG    | Thread-41 (process_request_thread) | 客户端请求领取任务
{
  "username": "britney",
  "limit": 1
}
2026-06-09 10:18:52,568 | DEBUG    | Thread-41 (process_request_thread) | 外部任务已写入本地队列
{
  "externalTaskId": "892995784684605518",
  "taskName": "外部任务 892995784684605518",
  "targetUrl": "http://a.m.taobao.com/i972884679560.htm?&utd_id=aY0%2F144ymIMDAA2SxG%2BHHSuH&skuId=6091291938652&sid=8ed9b603588b1305b1f9114ae304ede3"
}
2026-06-09 10:18:52,572 | DEBUG    | Thread-41 (process_request_thread) | 客户端领取任务完成
{
  "username": "britney",
  "count": 1,
  "taskIds": [
    "892995784684605518"
  ]
}
2026-06-09 11:10:29,687 | DEBUG    | Thread-4 (process_request_thread) | 客户端请求领取任务
{
  "username": "britney",
  "limit": 1
}
2026-06-09 11:10:31,155 | DEBUG    | Thread-4 (process_request_thread) | 外部任务已写入本地队列
{
  "externalTaskId": "892995790103662652",
  "taskName": "外部任务 892995790103662652",
  "targetUrl": "http://a.m.taobao.com/i935087716618.htm?&umpChannel=bybtqdyh&u_channel=bybtqdyh&utd_id=aY0%2F144ymIMDAA2SxG%2BHHSuH&skuId=5823141292518&sid=f368ad825db7e0d68f2fe84546328eaa"
}
2026-06-09 11:10:31,162 | DEBUG    | Thread-4 (process_request_thread) | 客户端领取任务完成
{
  "username": "britney",
  "count": 1,
  "taskIds": [
    "892995790103662652"
  ]
}
2026-06-09 11:10:54,615 | DEBUG    | Thread-10 (process_request_thread) | 客户端请求领取任务
{
  "username": "britney",
  "limit": 1
}
2026-06-09 11:10:55,966 | DEBUG    | Thread-10 (process_request_thread) | 外部任务缺少必要字段，已跳过
{
  "payload": {
    "taskId": "892995837293928460",
    "content": {
      "competitorId": "773481965851",
      "keyWord": "",
      "picUrl": "",
      "recallCnt": 0,
      "shopId": "",
      "shopUrl": "",
      "brandId": "",
      "brandName": "",
      "targetUrl": "",
      "extInfo": "",
      "pageNum": 0,
      "pageSize": 0,
      "sortType": "DEFAULT_SEARCH_SORT",
      "itemName": "",
      "maxPage": 0
    },
    "priority": 90
  }
}
2026-06-09 11:10:55,967 | DEBUG    | Thread-10 (process_request_thread) | 客户端领取任务完成
{
  "username": "britney",
  "count": 0,
  "taskIds": []
}
2026-06-09 11:11:06,212 | DEBUG    | Thread-11 (process_request_thread) | 客户端请求领取任务
{
  "username": "britney",
  "limit": 1
}
2026-06-09 11:11:07,612 | DEBUG    | Thread-11 (process_request_thread) | 外部任务已写入本地队列
{
  "externalTaskId": "892995842624733186",
  "taskName": "vivo S19 手机5G智能柔光人像拍照轻薄长续航直屏5G学生手机",
  "targetUrl": "http://a.m.taobao.com/i841302237997.htm?&utd_id=aVnhUV7UO%2FQDAG0r6kt%2FW3N3&ttid=1568860058617%40taobao_android_10.59.20&v=1.0&sid=25f306b768e39ac9dc0a3456e4e58148"
}
2026-06-09 11:11:07,617 | DEBUG    | Thread-11 (process_request_thread) | 客户端领取任务完成
{
  "username": "britney",
  "count": 1,
  "taskIds": [
    "892995842624733186"
  ]
}
2026-06-09 11:11:25,709 | DEBUG    | Thread-17 (process_request_thread) | 客户端请求领取任务
{
  "username": "britney",
  "limit": 1
}
2026-06-09 11:11:27,069 | DEBUG    | Thread-17 (process_request_thread) | 外部任务已写入本地队列
{
  "externalTaskId": "892995841974611994",
  "taskName": "vivo X60/50/X30/X27/23/21/S7/S9/S10pro/S12智能5G手机IQOO Z5",
  "targetUrl": "https://item.taobao.com/item.htm?id=751820646959"
}
2026-06-09 11:11:27,073 | DEBUG    | Thread-17 (process_request_thread) | 客户端领取任务完成
{
  "username": "britney",
  "count": 1,
  "taskIds": [
    "892995841974611994"
  ]
}
2026-06-09 11:11:45,064 | DEBUG    | Thread-23 (process_request_thread) | 客户端请求领取任务
{
  "username": "britney",
  "limit": 1
}
2026-06-09 11:11:46,403 | DEBUG    | Thread-23 (process_request_thread) | 外部任务已写入本地队列
{
  "externalTaskId": "892995841916051554",
  "taskName": "外部任务 892995841916051554",
  "targetUrl": "http://a.m.taobao.com/i1003082779024.htm?&utd_id=aaF9Adg2sK0DADNdmZBrSR4M&skuId=6162130979859&sid=b6c51a267d58e0b08fb6b11ba1b9ac20"
}
2026-06-09 11:11:46,408 | DEBUG    | Thread-23 (process_request_thread) | 客户端领取任务完成
{
  "username": "britney",
  "count": 1,
  "taskIds": [
    "892995841916051554"
  ]
}
2026-06-09 11:12:04,737 | DEBUG    | Thread-29 (process_request_thread) | 客户端请求领取任务
{
  "username": "britney",
  "limit": 1
}
2026-06-09 11:12:06,106 | DEBUG    | Thread-29 (process_request_thread) | 外部任务已写入本地队列
{
  "externalTaskId": "892995841895063572",
  "taskName": "vivo x70指纹解锁x60全网通5G拍照游戏x50便宜学生老人2手机x30",
  "targetUrl": "https://new.m.taobao.com/detail.htm?id=891099588742&hybrid=true"
}
2026-06-09 11:12:06,111 | DEBUG    | Thread-29 (process_request_thread) | 客户端领取任务完成
{
  "username": "britney",
  "count": 1,
  "taskIds": [
    "892995841895063572"
  ]
}
2026-06-09 11:12:24,768 | DEBUG    | Thread-35 (process_request_thread) | 客户端请求领取任务
{
  "username": "britney",
  "limit": 1
}
2026-06-09 11:12:26,168 | DEBUG    | Thread-35 (process_request_thread) | 外部任务已写入本地队列
{
  "externalTaskId": "892995841609707596",
  "taskName": "外部任务 892995841609707596",
  "targetUrl": "http://a.m.taobao.com/i1004228781543.htm?&utd_id=aVnhUV7UO%2FQDAG0r6kt%2FW3N3&ttid=1568860058617%40taobao_android_10.59.20&v=1.0&sid=247416c335335be069a5e62388f74cad"
}
2026-06-09 11:12:26,172 | DEBUG    | Thread-35 (process_request_thread) | 客户端领取任务完成
{
  "username": "britney",
  "count": 1,
  "taskIds": [
    "892995841609707596"
  ]
}
2026-06-09 11:12:44,307 | DEBUG    | Thread-41 (process_request_thread) | 客户端请求领取任务
{
  "username": "britney",
  "limit": 1
}
2026-06-09 11:12:45,664 | DEBUG    | Thread-41 (process_request_thread) | 外部任务缺少必要字段，已跳过
{
  "payload": {
    "taskId": "892995843119800376",
    "content": {
      "competitorId": "903848419390",
      "keyWord": "",
      "picUrl": "",
      "recallCnt": 0,
      "shopId": "",
      "shopUrl": "",
      "brandId": "",
      "brandName": "",
      "targetUrl": "",
      "extInfo": "",
      "pageNum": 0,
      "pageSize": 0,
      "sortType": "DEFAULT_SEARCH_SORT",
      "itemName": "",
      "maxPage": 0
    },
    "priority": 90
  }
}
2026-06-09 11:12:45,668 | DEBUG    | Thread-41 (process_request_thread) | 客户端领取任务完成
{
  "username": "britney",
  "count": 0,
  "taskIds": []
}
2026-06-09 11:12:56,213 | DEBUG    | Thread-42 (process_request_thread) | 客户端请求领取任务
{
  "username": "britney",
  "limit": 1
}
2026-06-09 11:12:57,708 | DEBUG    | Thread-42 (process_request_thread) | 外部任务已写入本地队列
{
  "externalTaskId": "893023704715272260",
  "taskName": "外部任务 893023704715272260",
  "targetUrl": "http://a.m.taobao.com/i977158179741.htm?&utd_id=ag1Tm5OgtK0DAENyR0BqrDag&ttid=1568860058617%40taobao_android_10.60.20&v=1.0&sid=153807b39637a54af7b0b7c3d5f72708"
}
2026-06-09 11:12:57,711 | DEBUG    | Thread-42 (process_request_thread) | 客户端领取任务完成
{
  "username": "britney",
  "count": 1,
  "taskIds": [
    "893023704715272260"
  ]
}
2026-06-09 11:13:18,714 | DEBUG    | Thread-48 (process_request_thread) | 客户端请求领取任务
{
  "username": "britney",
  "limit": 1
}
2026-06-09 11:13:20,087 | DEBUG    | Thread-48 (process_request_thread) | 外部任务已写入本地队列
{
  "externalTaskId": "893023704463609925",
  "taskName": "山西杏花村汾酒48度乳玻汾475ml*6瓶 六瓶国产清香型白酒琵琶汾",
  "targetUrl": "http://a.m.taobao.com/i1008498977369.htm?&utd_id=adnodRvnp%2FQDAK%2FoN1ZKI%2BbD&skuId=6006426073021&sid=d6063b3de09a56ca7a7160dbc97d6534&mi_id=0000_-zvvv1QdHUVscjoSjFs9kjs5VmiaflGg7exd2xaHUY"
}
2026-06-09 11:13:20,092 | DEBUG    | Thread-48 (process_request_thread) | 客户端领取任务完成
{
  "username": "britney",
  "count": 1,
  "taskIds": [
    "893023704463609925"
  ]
}
2026-06-09 11:13:37,084 | DEBUG    | Thread-54 (process_request_thread) | 客户端请求领取任务
{
  "username": "britney",
  "limit": 1
}
2026-06-09 11:13:38,459 | DEBUG    | Thread-54 (process_request_thread) | 外部任务已写入本地队列
{
  "externalTaskId": "893023704186773554",
  "taskName": "【2018年-2023年自选】山西杏花村 53度黄盖汾475mL*6/12瓶装白酒",
  "targetUrl": "http://a.m.taobao.com/i955517354308.htm?&utd_id=aVnhUV7UO%2FQDAG0r6kt%2FW3N3&ttid=1568860058617%40taobao_android_10.59.20&v=1.0&sid=2c895a7cec27397d4f460236935a965d"
}
2026-06-09 11:13:38,466 | DEBUG    | Thread-54 (process_request_thread) | 客户端领取任务完成
{
  "username": "britney",
  "count": 1,
  "taskIds": [
    "893023704186773554"
  ]
}
2026-06-09 12:23:22,711 | DEBUG    | Thread-3 (process_request_thread) | 客户端请求领取任务
{
  "username": "britney",
  "limit": 1
}
2026-06-09 12:23:24,126 | DEBUG    | Thread-3 (process_request_thread) | 外部任务已写入本地队列
{
  "externalTaskId": "893023711908347916",
  "taskName": "金运A30蓝牙双耳机ai翻译2026新款耳夹入耳运动无线开放政府补贴",
  "targetUrl": "http://detail.tmall.com/item.htm?id=775671083484&ns=1&abbucket=16&xxc=taobaoSearch&mi_id=0000VEe9qNLco4ukuwzoEsUGQfkxqpeq8nQKHEF-MLeYKoA&skuId=6143375490264"
}
2026-06-09 12:23:24,130 | DEBUG    | Thread-3 (process_request_thread) | 客户端领取任务完成
{
  "username": "britney",
  "count": 1,
  "taskIds": [
    "893023711908347916"
  ]
}
2026-06-09 12:23:42,241 | DEBUG    | Thread-9 (process_request_thread) | 客户端请求领取任务
{
  "username": "britney",
  "limit": 1
}
2026-06-09 12:23:43,601 | DEBUG    | Thread-9 (process_request_thread) | 外部任务已写入本地队列
{
  "externalTaskId": "893023715528183888",
  "taskName": "外部任务 893023715528183888",
  "targetUrl": "http://a.m.taobao.com/i936101952403.htm?&amp;v=1.0&amp;sid=a7417695b54afb1b6b6d9a9171f2a4f2&amp;jose=1"
}
2026-06-09 12:23:43,607 | DEBUG    | Thread-9 (process_request_thread) | 客户端领取任务完成
{
  "username": "britney",
  "count": 1,
  "taskIds": [
    "893023715528183888"
  ]
}
2026-06-09 12:24:03,070 | DEBUG    | Thread-17 (process_request_thread) | 客户端请求领取任务
{
  "username": "britney",
  "limit": 1
}
2026-06-09 12:24:04,442 | DEBUG    | Thread-17 (process_request_thread) | 外部任务已写入本地队列
{
  "externalTaskId": "893023715473494102",
  "taskName": "心相印大耳狗四层320抽悬挂式抽纸家用纸巾挂抽卫生纸厕纸实惠装",
  "targetUrl": "https://new.m.taobao.com/detail.htm?id=953846926048&hybrid=true"
}
2026-06-09 12:24:04,449 | DEBUG    | Thread-17 (process_request_thread) | 客户端领取任务完成
{
  "username": "britney",
  "count": 1,
  "taskIds": [
    "893023715473494102"
  ]
}
2026-06-09 12:24:23,740 | DEBUG    | Thread-23 (process_request_thread) | 客户端请求领取任务
{
  "username": "britney",
  "limit": 1
}
2026-06-09 12:24:25,116 | DEBUG    | Thread-23 (process_request_thread) | 外部任务已写入本地队列
{
  "externalTaskId": "893023715272179809",
  "taskName": "心相印悬挂式抽纸三丽鸥新春餐巾纸4层320抽家用厕纸擦手纸卫生纸",
  "targetUrl": "http://a.m.taobao.com/i858100629975.htm?&utd_id=aVnhUV7UO%2FQDAG0r6kt%2FW3N3&ttid=600129%40taobao_android_10.58.10&v=1.0&sid=1f750a305cbfa3cfb9c9ce4d183263fa"
}
2026-06-09 12:24:25,121 | DEBUG    | Thread-23 (process_request_thread) | 客户端领取任务完成
{
  "username": "britney",
  "count": 1,
  "taskIds": [
    "893023715272179809"
  ]
}
2026-06-09 12:24:44,631 | DEBUG    | Thread-29 (process_request_thread) | 客户端请求领取任务
{
  "username": "britney",
  "limit": 1
}
2026-06-09 12:24:46,037 | DEBUG    | Thread-29 (process_request_thread) | 外部任务已写入本地队列
{
  "externalTaskId": "893023715150696492",
  "taskName": "心相印悬挂式抽纸云感家用整箱纸巾壁挂餐巾纸擦手纸厕纸卫生纸M",
  "targetUrl": "https://new.m.taobao.com/detail.htm?id=815635955952&hybrid=true"
}
2026-06-09 12:24:46,043 | DEBUG    | Thread-29 (process_request_thread) | 客户端领取任务完成
{
  "username": "britney",
  "count": 1,
  "taskIds": [
    "893023715150696492"
  ]
}
2026-06-09 12:25:07,403 | DEBUG    | Thread-35 (process_request_thread) | 客户端请求领取任务
{
  "username": "britney",
  "limit": 1
}
2026-06-09 12:25:08,800 | DEBUG    | Thread-35 (process_request_thread) | 外部任务已写入本地队列
{
  "externalTaskId": "893023715091824685",
  "taskName": "心相印挂抽纸巾悬挂式大包卫生纸擦手纸厕纸面巾纸壁挂纸家用整箱",
  "targetUrl": "http://a.m.taobao.com/i908682775492.htm?&umpChannel=bybtqdyh&u_channel=bybtqdyh&utd_id=aeMABCE4qfkDADFyhrnoNWfz&skuId=5771853713186&sid=b32f1005dd88a681fce4da5072763d8b&mi_id=0000lSb9-yZP7SF8D8ZMXBE5pebVg8hNC9Rg4WAMyix95Rc"
}
2026-06-09 12:25:08,806 | DEBUG    | Thread-35 (process_request_thread) | 客户端领取任务完成
{
  "username": "britney",
  "count": 1,
  "taskIds": [
    "893023715091824685"
  ]
}
2026-06-09 12:25:30,244 | DEBUG    | Thread-41 (process_request_thread) | 客户端请求领取任务
{
  "username": "britney",
  "limit": 1
}
2026-06-09 12:25:31,606 | DEBUG    | Thread-41 (process_request_thread) | 外部任务已写入本地队列
{
  "externalTaskId": "893023714525597744",
  "taskName": "心相印挂抽纸巾悬挂式大包卫生纸擦手抽纸厕纸家庭装面巾纸可湿水",
  "targetUrl": "https://s.taobao.com/search?q=%E5%BF%83%E7%9B%B8%E5%8D%B0%E6%8C%82%E6%8A%BD%E7%BA%B8%E5%B7%BE%E6%82%AC%E6%8C%82%E5%BC%8F%E5%A4%A7%E5%8C%85%E5%8D%AB%E7%94%9F%E7%BA%B8%E6%93%A6%E6%89%8B%E6%8A%BD%E7%BA%B8%E5%8E%95%E7%BA%B8%E5%AE%B6%E5%BA%AD%E8%A3%85%E9%9D%A2%E5%B7%BE%E7%BA%B8%E5%8F%AF%E6%B9%BF%E6%B0%B4"
}
2026-06-09 12:25:31,609 | DEBUG    | Thread-41 (process_request_thread) | 客户端领取任务完成
{
  "username": "britney",
  "count": 1,
  "taskIds": [
    "893023714525597744"
  ]
}
2026-06-09 12:25:51,746 | DEBUG    | Thread-47 (process_request_thread) | 客户端请求领取任务
{
  "username": "britney",
  "limit": 1
}
2026-06-09 12:25:53,157 | DEBUG    | Thread-47 (process_request_thread) | 外部任务已写入本地队列
{
  "externalTaskId": "893023714429280307",
  "taskName": "骆驼短袖T恤女2026新款夏季学院风纯棉白色正肩短袖T恤上衣女士装",
  "targetUrl": "https://item.taobao.com/item.htm?id=925354163626"
}
2026-06-09 12:25:53,161 | DEBUG    | Thread-47 (process_request_thread) | 客户端领取任务完成
{
  "username": "britney",
  "count": 1,
  "taskIds": [
    "893023714429280307"
  ]
}
2026-06-09 12:26:14,139 | DEBUG    | Thread-53 (process_request_thread) | 客户端请求领取任务
{
  "username": "britney",
  "limit": 1
}
2026-06-09 12:26:15,497 | DEBUG    | Thread-53 (process_request_thread) | 外部任务已写入本地队列
{
  "externalTaskId": "893023714198437911",
  "taskName": "【下拉享补贴】心相印云感三丽鸥/大耳狗/茶语挂抽多规格可选家用",
  "targetUrl": "http://a.m.taobao.com/i810076321227.htm?&utd_id=ad8SPHYESwMDAOOlnU1DxlbD&skuId=5937433071624&sid=14d7a86cc0faff2fa1e82a02b6aa3ff8&mi_id=0000PLxxCapW6ZJzXzhVXfd9jsSST0D08NVuDbPbT4hLIK0"
}
2026-06-09 12:26:15,503 | DEBUG    | Thread-53 (process_request_thread) | 客户端领取任务完成
{
  "username": "britney",
  "count": 1,
  "taskIds": [
    "893023714198437911"
  ]
}
2026-06-09 12:26:33,891 | DEBUG    | Thread-59 (process_request_thread) | 客户端请求领取任务
{
  "username": "britney",
  "limit": 1
}
2026-06-09 12:26:35,263 | DEBUG    | Thread-59 (process_request_thread) | 外部任务已写入本地队列
{
  "externalTaskId": "893023714194399236",
  "taskName": "热巴同款骆驼纯棉短袖柔棉T神夏季美式复古宽松运动T恤上衣体恤女",
  "targetUrl": "http://a.m.taobao.com/i861650614173.htm?&utd_id=ZlrwLQL5cnEDAC9NGZ2l183F&ttid=1568860058617%40taobao_android_10.59.20&v=1.0&sid=294c7e575115f1b0a5e4f76558afc781"
}
2026-06-09 12:26:35,268 | DEBUG    | Thread-59 (process_request_thread) | 客户端领取任务完成
{
  "username": "britney",
  "count": 1,
  "taskIds": [
    "893023714194399236"
  ]
}
2026-06-09 12:26:56,924 | DEBUG    | Thread-65 (process_request_thread) | 客户端请求领取任务
{
  "username": "britney",
  "limit": 1
}
2026-06-09 12:26:58,403 | DEBUG    | Thread-65 (process_request_thread) | 外部任务已写入本地队列
{
  "externalTaskId": "893029132844937232",
  "taskName": "外部任务 893029132844937232",
  "targetUrl": "http://a.m.taobao.com/i877775272161.htm?&utd_id=ae27%2BYmLnFMDACtTOUlfHvxA&skuId=5885111387852&sid=883189c91b30d98888033e43de893958&mi_id=0000p97xlrtc_FZalzJctN5Ky-0At84AL4g9hf3UzZ_eg2I"
}
2026-06-09 12:26:58,407 | DEBUG    | Thread-65 (process_request_thread) | 客户端领取任务完成
{
  "username": "britney",
  "count": 1,
  "taskIds": [
    "893029132844937232"
  ]
}
2026-06-09 12:27:16,173 | DEBUG    | Thread-71 (process_request_thread) | 客户端请求领取任务
{
  "username": "britney",
  "limit": 1
}
2026-06-09 12:27:17,551 | DEBUG    | Thread-71 (process_request_thread) | 外部任务已写入本地队列
{
  "externalTaskId": "893029380380332107",
  "taskName": "汾酒老白汾10 53度500ml*6瓶2015年出口原箱礼盒装白酒",
  "targetUrl": "http://a.m.taobao.com/i704309331218.htm?&utd_id=aVnhUV7UO%2FQDAG0r6kt%2FW3N3&ttid=1568860058617%40taobao_android_10.59.20&v=1.0&sid=2c895a7cec27397d4f460236935a965d"
}
2026-06-09 12:27:17,555 | DEBUG    | Thread-71 (process_request_thread) | 客户端领取任务完成
{
  "username": "britney",
  "count": 1,
  "taskIds": [
    "893029380380332107"
  ]
}
2026-06-09 12:27:36,659 | DEBUG    | Thread-77 (process_request_thread) | 客户端请求领取任务
{
  "username": "britney",
  "limit": 1
}
2026-06-09 12:27:38,039 | DEBUG    | Thread-77 (process_request_thread) | 外部任务已写入本地队列
{
  "externalTaskId": "893029380371935307",
  "taskName": "山西杏花村汾酒48度乳玻汾酒475ml*3瓶纯粮食酒口粮白酒",
  "targetUrl": "http://detail.tmall.com/item.htm?id=616879170715&ns=1&abbucket=14&xxc=taobaoSearch&mi_id=0000R9g_59GqQJoxFCRITAQ9keC6uqiQonfoB66i987rx9s&skuId=5846784064993"
}
2026-06-09 12:27:38,044 | DEBUG    | Thread-77 (process_request_thread) | 客户端领取任务完成
{
  "username": "britney",
  "count": 1,
  "taskIds": [
    "893029380371935307"
  ]
}
2026-06-09 12:27:58,242 | DEBUG    | Thread-83 (process_request_thread) | 客户端请求领取任务
{
  "username": "britney",
  "limit": 1
}
2026-06-09 12:27:59,603 | DEBUG    | Thread-83 (process_request_thread) | 外部任务已写入本地队列
{
  "externalTaskId": "893029380371935306",
  "taskName": "山西汾酒杏花村酒53度黄盖汾酒475mL*1瓶纯粮白酒",
  "targetUrl": "http://a.m.taobao.com/i602483903438.htm?&utd_id=afVpZID9QnYDABswa8kqJCtU&skuId=6015890271688&sid=b05caa4b5cc2216d2ae8f6fd1ed9f505&mi_id=00009vDoS25KhR1EVIvA2eTR_bBNR3jJoU7I57jC1vQHFUA"
}
2026-06-09 12:27:59,610 | DEBUG    | Thread-83 (process_request_thread) | 客户端领取任务完成
{
  "username": "britney",
  "count": 1,
  "taskIds": [
    "893029380371935306"
  ]
}
2026-06-09 12:28:20,091 | DEBUG    | Thread-89 (process_request_thread) | 客户端请求领取任务
{
  "username": "britney",
  "limit": 1
}
2026-06-09 12:28:21,493 | DEBUG    | Thread-89 (process_request_thread) | 外部任务已写入本地队列
{
  "externalTaskId": "893029380367740934",
  "taskName": "汾酒 48度 乳玻汾酒 乳白汾 475ml*3瓶套装 粮食酒山西清香型白酒",
  "targetUrl": "http://detail.tmall.com/item.htm?id=548283463107&ns=1&abbucket=14&xxc=taobaoSearch&mi_id=0000aB5fyDGMo2346jXIlTDhsGWd4ncLzoSbwAktG07ZL4Y&skuId=null"
}
2026-06-09 12:28:21,497 | DEBUG    | Thread-89 (process_request_thread) | 客户端领取任务完成
{
  "username": "britney",
  "count": 1,
  "taskIds": [
    "893029380367740934"
  ]
}
2026-06-09 12:28:40,222 | DEBUG    | Thread-95 (process_request_thread) | 客户端请求领取任务
{
  "username": "britney",
  "limit": 1
}
2026-06-09 12:28:41,586 | DEBUG    | Thread-95 (process_request_thread) | 外部任务已写入本地队列
{
  "externalTaskId": "893029379734253632",
  "taskName": "3瓶装 山西杏花村汾酒股份48度乳玻清香型白酒整箱 475ml*3瓶",
  "targetUrl": "https://detail.tmall.com/item.htm?id=640261250189&xxc=shop&mi_id=0000vJAWPHPTXXVp7xYjoJSycbP7DXU1xpZNcw3d1SJFe3Y"
}
2026-06-09 12:28:41,593 | DEBUG    | Thread-95 (process_request_thread) | 客户端领取任务完成
{
  "username": "britney",
  "count": 1,
  "taskIds": [
    "893029379734253632"
  ]
}
2026-06-09 12:28:57,244 | DEBUG    | Thread-101 (process_request_thread) | 客户端请求领取任务
{
  "username": "britney",
  "limit": 1
}
2026-06-09 12:28:58,603 | DEBUG    | Thread-101 (process_request_thread) | 外部任务已写入本地队列
{
  "externalTaskId": "893029378849415221",
  "taskName": "山西汾酒 乳玻汾酒 琵琶汾 48度 475ml*2瓶  清香型白酒",
  "targetUrl": "https://s.taobao.com/search?q=%E5%B1%B1%E8%A5%BF%E6%B1%BE%E9%85%92+%E4%B9%B3%E7%8E%BB%E6%B1%BE%E9%85%92+%E7%90%B5%E7%90%B6%E6%B1%BE+48%E5%BA%A6+475ml%2A2%E7%93%B6++%E6%B8%85%E9%A6%99%E5%9E%8B%E7%99%BD%E9%85%92"
}
2026-06-09 12:28:58,606 | DEBUG    | Thread-101 (process_request_thread) | 客户端领取任务完成
{
  "username": "britney",
  "count": 1,
  "taskIds": [
    "893029378849415221"
  ]
}
2026-06-09 12:29:18,415 | DEBUG    | Thread-107 (process_request_thread) | 客户端请求领取任务
{
  "username": "britney",
  "limit": 1
}
2026-06-09 12:29:19,846 | DEBUG    | Thread-107 (process_request_thread) | 外部任务已写入本地队列
{
  "externalTaskId": "893029377066819595",
  "taskName": "汾酒山西杏花村48度乳玻汾475ml*1瓶清香型白酒纯粮酿造",
  "targetUrl": "https://item.taobao.com/item.htm?id=710993541641"
}
2026-06-09 12:29:19,848 | DEBUG    | Thread-107 (process_request_thread) | 客户端领取任务完成
{
  "username": "britney",
  "count": 1,
  "taskIds": [
    "893029377066819595"
  ]
}
2026-06-09 12:29:36,896 | DEBUG    | Thread-113 (process_request_thread) | 客户端请求领取任务
{
  "username": "britney",
  "limit": 1
}
2026-06-09 12:29:38,247 | DEBUG    | Thread-113 (process_request_thread) | 外部任务已写入本地队列
{
  "externalTaskId": "893029384368951369",
  "taskName": "【官方授权】山西杏花村汾酒53度黄盖玻汾475ml*6瓶 清香型白酒",
  "targetUrl": "http://a.m.taobao.com/i611098112877.htm?&utd_id=ahKVXeSEYfcDACvMkeTleziz&skuId=5727708830700&sid=636883b6873ac75735f924d96368d2f7&mi_id=000025FJgQRqTdOmCEdDzsyfoVXOPKEBzhi6vEnACqjtDcg"
}
2026-06-09 12:29:38,250 | DEBUG    | Thread-113 (process_request_thread) | 客户端领取任务完成
{
  "username": "britney",
  "count": 1,
  "taskIds": [
    "893029384368951369"
  ]
}
2026-06-09 12:29:55,324 | DEBUG    | Thread-119 (process_request_thread) | 客户端请求领取任务
{
  "username": "britney",
  "limit": 1
}
2026-06-09 12:29:56,684 | DEBUG    | Thread-119 (process_request_thread) | 外部任务已写入本地队列
{
  "externalTaskId": "893029383471382573",
  "taskName": "汾酒53度黄盖汾酒玻汾475mlx6高度清香型白酒6瓶装粮食酒",
  "targetUrl": "http://a.m.taobao.com/i630061628083.htm?&utd_id=ahKVXeSEYfcDACvMkeTleziz&skuId=5629882653508&sid=636883b6873ac75735f924d96368d2f7&mi_id=0000m48VpM_8Z8Suz2MZXP7g1wwdHPRlq4TBMU7hUWcecIw"
}
2026-06-09 12:29:56,687 | DEBUG    | Thread-119 (process_request_thread) | 客户端领取任务完成
{
  "username": "britney",
  "count": 1,
  "taskIds": [
    "893029383471382573"
  ]
}
2026-06-09 12:30:14,549 | DEBUG    | Thread-125 (process_request_thread) | 客户端请求领取任务
{
  "username": "britney",
  "limit": 1
}
2026-06-09 12:30:15,926 | DEBUG    | Thread-125 (process_request_thread) | 外部任务已写入本地队列
{
  "externalTaskId": "893029383253418021",
  "taskName": "外部任务 893029383253418021",
  "targetUrl": "http://a.m.taobao.com/i628403263541.htm?&utd_id=ahu3WawmNmMDAElJnBw8rmGP&sid=725a4bb72411b81b2aaed5951ceaa64d&mi_id=0000bK_sWQSzRHAPyEso398zhJ9BlLIPHXuWlFywNcR8KP0"
}
2026-06-09 12:30:15,931 | DEBUG    | Thread-125 (process_request_thread) | 客户端领取任务完成
{
  "username": "britney",
  "count": 1,
  "taskIds": [
    "893029383253418021"
  ]
}
2026-06-09 12:30:36,061 | DEBUG    | Thread-131 (process_request_thread) | 客户端请求领取任务
{
  "username": "britney",
  "limit": 1
}
2026-06-09 12:30:37,441 | DEBUG    | Thread-131 (process_request_thread) | 外部任务已写入本地队列
{
  "externalTaskId": "893029382288740415",
  "taskName": "汾酒官旗山西杏花村酒乳玻汾酒48度 475ml*6瓶纯粮白酒清香型",
  "targetUrl": "http://a.m.taobao.com/i641204398947.htm?&utd_id=ag1Tm5OgtK0DAENyR0BqrDag&ttid=1568860058617%40taobao_android_10.60.20&v=1.0&sid=153807b39637a54af7b0b7c3d5f72708&jose=1"
}
2026-06-09 12:30:37,449 | DEBUG    | Thread-131 (process_request_thread) | 客户端领取任务完成
{
  "username": "britney",
  "count": 1,
  "taskIds": [
    "893029382288740415"
  ]
}
2026-06-09 12:30:54,365 | DEBUG    | Thread-137 (process_request_thread) | 客户端请求领取任务
{
  "username": "britney",
  "limit": 1
}
2026-06-09 12:30:55,706 | DEBUG    | Thread-137 (process_request_thread) | 外部任务已写入本地队列
{
  "externalTaskId": "893029382049501265",
  "taskName": "汾酒48度乳玻汾酒475ml清香型国产白酒山西杏花村酒琵琶汾粮食酒",
  "targetUrl": "http://detail.tmall.com/item.htm?id=705002470154&ns=1&abbucket=14&xxc=taobaoSearch&mi_id=0000_RRqprPHxs34nisrEdU3CvDXpILqdEePjmOdiIL3Zak&skuId=5134001503678"
}
2026-06-09 12:30:55,712 | DEBUG    | Thread-137 (process_request_thread) | 客户端领取任务完成
{
  "username": "britney",
  "count": 1,
  "taskIds": [
    "893029382049501265"
  ]
}
2026-06-09 12:31:14,322 | DEBUG    | Thread-143 (process_request_thread) | 客户端请求领取任务
{
  "username": "britney",
  "limit": 1
}
2026-06-09 12:31:15,691 | DEBUG    | Thread-143 (process_request_thread) | 外部任务已写入本地队列
{
  "externalTaskId": "893029382015954951",
  "taskName": "汾酒48度乳玻汾酒 山西杏花/村纯粮食清香型白酒整箱475ml*3瓶装",
  "targetUrl": "http://detail.tmall.com/item.htm?id=633284299154&ns=1&abbucket=14&xxc=taobaoSearch&mi_id=0000m-PpXHmBewjrkNO6UY0BZdaIdhRhrKI4zxJMhkL-3p8&skuId=5971238885393"
}
2026-06-09 12:31:15,697 | DEBUG    | Thread-143 (process_request_thread) | 客户端领取任务完成
{
  "username": "britney",
  "count": 1,
  "taskIds": [
    "893029382015954951"
  ]
}
2026-06-09 12:31:31,244 | DEBUG    | Thread-149 (process_request_thread) | 客户端请求领取任务
{
  "username": "britney",
  "limit": 1
}
2026-06-09 12:31:32,601 | DEBUG    | Thread-149 (process_request_thread) | 外部任务已写入本地队列
{
  "externalTaskId": "893029381982543920",
  "taskName": "山西汾酒53度48乳玻乳白汾475ml*6瓶/12瓶装清香型纯粮食固态白酒",
  "targetUrl": "http://a.m.taobao.com/i718325007065.htm?&utd_id=aeMABCE4qfkDADFyhrnoNWfz&skuId=5011618653224&sid=54e31528f61b0078d8a27ac45a3e47ae&mi_id=0000D0uqf-2X54R9yjCC3TD0W1U8-ESdcLtYleQyaYlKsGI"
}
2026-06-09 12:31:32,607 | DEBUG    | Thread-149 (process_request_thread) | 客户端领取任务完成
{
  "username": "britney",
  "count": 1,
  "taskIds": [
    "893029381982543920"
  ]
}
2026-06-09 12:31:52,427 | DEBUG    | Thread-155 (process_request_thread) | 客户端请求领取任务
{
  "username": "britney",
  "limit": 1
}
2026-06-09 12:31:53,798 | DEBUG    | Thread-155 (process_request_thread) | 外部任务已写入本地队列
{
  "externalTaskId": "893029381302915153",
  "taskName": "多连接山西汾酒53度48乳玻乳白475ml*6瓶/12瓶清香型纯粮食白酒",
  "targetUrl": "http://item.taobao.com/item.htm?id=616614926187&ns=1&abbucket=14&xxc=taobaoSearch&mi_id=0000KlToMWRosdAG5Y4VyERoy4QSi8sNnsghXWjzY5u_x3k&skuId=4843438705538"
}
2026-06-09 12:31:53,804 | DEBUG    | Thread-155 (process_request_thread) | 客户端领取任务完成
{
  "username": "britney",
  "count": 1,
  "taskIds": [
    "893029381302915153"
  ]
}
2026-06-09 12:32:11,363 | DEBUG    | Thread-161 (process_request_thread) | 客户端请求领取任务
{
  "username": "britney",
  "limit": 1
}
2026-06-09 12:32:12,723 | DEBUG    | Thread-161 (process_request_thread) | 外部任务已写入本地队列
{
  "externalTaskId": "893029381252739149",
  "taskName": "【年货礼盒】汾酒53度出口礼盒瓷瓶汾酒500mlX6高度清香型白酒",
  "targetUrl": "http://a.m.taobao.com/i582588442839.htm?&utd_id=ae27%2BYmLnFMDACtTOUlfHvxA&skuId=5721924037029&sid=7aba8bd0f0449e25b703649c99702498&mi_id=0000lovT9ibQ2jj5DC76ZflGa4CxEsYBPFs8afZcemdttsM"
}
2026-06-09 12:32:12,728 | DEBUG    | Thread-161 (process_request_thread) | 客户端领取任务完成
{
  "username": "britney",
  "count": 1,
  "taskIds": [
    "893029381252739149"
  ]
}
2026-06-09 12:32:31,739 | DEBUG    | Thread-167 (process_request_thread) | 客户端请求领取任务
{
  "username": "britney",
  "limit": 1
}
2026-06-09 12:32:33,117 | DEBUG    | Thread-167 (process_request_thread) | 外部任务已写入本地队列
{
  "externalTaskId": "893029381252735045",
  "taskName": "12瓶装 山西杏花村汾酒股份48度乳玻清香型白酒整箱 475ml*12瓶",
  "targetUrl": "https://detail.tmall.com/item.htm?id=594372399246&xxc=shop&mi_id=00008RzZYyAUUGE3BKMnBefk7oQbxzvUlZJKmXM0iiz5AZg"
}
2026-06-09 12:32:33,121 | DEBUG    | Thread-167 (process_request_thread) | 客户端领取任务完成
{
  "username": "britney",
  "count": 1,
  "taskIds": [
    "893029381252735045"
  ]
}
2026-06-09 12:32:52,745 | DEBUG    | Thread-173 (process_request_thread) | 客户端请求领取任务
{
  "username": "britney",
  "limit": 1
}
2026-06-09 12:32:54,107 | DEBUG    | Thread-173 (process_request_thread) | 外部任务已写入本地队列
{
  "externalTaskId": "893029381202260010",
  "taskName": "汾酒53度出口瓷汾500mLX6 高度清香型白酒6瓶装粮食酒日常",
  "targetUrl": "http://detail.tmall.com/item.htm?id=629109628202&ns=1&abbucket=17&xxc=taobaoSearch&mi_id=0000zrzGJ-H6mYd-lEU_QQssfrF02jwPqpUwZrJTY99Wgx4&skuId=6038010796278"
}
2026-06-09 12:32:54,113 | DEBUG    | Thread-173 (process_request_thread) | 客户端领取任务完成
{
  "username": "britney",
  "count": 1,
  "taskIds": [
    "893029381202260010"
  ]
}
2026-06-09 12:33:10,779 | DEBUG    | Thread-179 (process_request_thread) | 客户端请求领取任务
{
  "username": "britney",
  "limit": 1
}
2026-06-09 12:33:12,150 | DEBUG    | Thread-179 (process_request_thread) | 外部任务已写入本地队列
{
  "externalTaskId": "893029389662326845",
  "taskName": "外部任务 893029389662326845",
  "targetUrl": "http://a.m.taobao.com/i1005848539858.htm?&utd_id=aVnhUV7UO%2FQDAG0r6kt%2FW3N3&ttid=600129%40taobao_android_10.58.10&v=1.0&sid=1f750a305cbfa3cfb9c9ce4d183263fa"
}
2026-06-09 12:33:12,153 | DEBUG    | Thread-179 (process_request_thread) | 客户端领取任务完成
{
  "username": "britney",
  "count": 1,
  "taskIds": [
    "893029389662326845"
  ]
}
2026-06-09 12:33:33,181 | DEBUG    | Thread-185 (process_request_thread) | 客户端请求领取任务
{
  "username": "britney",
  "limit": 1
}
2026-06-09 12:33:34,548 | DEBUG    | Thread-185 (process_request_thread) | 外部任务已写入本地队列
{
  "externalTaskId": "893029388991230021",
  "taskName": "外部任务 893029388991230021",
  "targetUrl": "http://a.m.taobao.com/i1014927166988.htm?&umpChannel=bybtqdyh&u_channel=bybtqdyh&utd_id=ahQhTnjow%2F4DAAF4dVk8oXA1&skuId=6022218389955&sid=1c741745a1b293c7e20c9b4e9de339f2&mi_id=00007y5x8povieAeQBe5VsIPLjJjUShou_Ee75Lzb4tBcK0"
}
2026-06-09 12:33:34,553 | DEBUG    | Thread-185 (process_request_thread) | 客户端领取任务完成
{
  "username": "britney",
  "count": 1,
  "taskIds": [
    "893029388991230021"
  ]
}
2026-06-09 12:33:51,240 | DEBUG    | Thread-191 (process_request_thread) | 客户端请求领取任务
{
  "username": "britney",
  "limit": 1
}
2026-06-09 12:33:52,614 | DEBUG    | Thread-191 (process_request_thread) | 外部任务已写入本地队列
{
  "externalTaskId": "893029388886368347",
  "taskName": "外部任务 893029388886368347",
  "targetUrl": "http://a.m.taobao.com/i876124903300.htm?&xxc=pailitao&utd_id=aWD7NYIkm%2BoDANrrOXK0GBVz&skuId=5881800090720&sid=10cfc86bd7ac98ae4c27602fcdb40767"
}
2026-06-09 12:33:52,620 | DEBUG    | Thread-191 (process_request_thread) | 客户端领取任务完成
{
  "username": "britney",
  "count": 1,
  "taskIds": [
    "893029388886368347"
  ]
}
2026-06-09 12:34:12,914 | DEBUG    | Thread-197 (process_request_thread) | 客户端请求领取任务
{
  "username": "britney",
  "limit": 1
}
2026-06-09 12:34:14,283 | DEBUG    | Thread-197 (process_request_thread) | 外部任务已写入本地队列
{
  "externalTaskId": "893029388882190355",
  "taskName": "外部任务 893029388882190355",
  "targetUrl": "http://a.m.taobao.com/i536538509918.htm?&utd_id=aRq98Z8mDuwDAPIhUNiUPLQd&ttid=600129%40taobao_android_10.46.10&v=1.0&sid=187b09a05299a85550cc500d41c71324&jose=1"
}
2026-06-09 12:34:14,288 | DEBUG    | Thread-197 (process_request_thread) | 客户端领取任务完成
{
  "username": "britney",
  "count": 1,
  "taskIds": [
    "893029388882190355"
  ]
}
2026-06-09 12:34:30,257 | DEBUG    | Thread-203 (process_request_thread) | 客户端请求领取任务
{
  "username": "britney",
  "limit": 1
}
2026-06-09 12:34:31,636 | DEBUG    | Thread-203 (process_request_thread) | 外部任务已写入本地队列
{
  "externalTaskId": "893029388882173965",
  "taskName": "外部任务 893029388882173965",
  "targetUrl": "http://a.m.taobao.com/i783012482440.htm?&utd_id=aQC7xU3zFygDAEJDBQhvacGO&ttid=600129%40taobao_android_10.46.10&v=1.0&sid=17288436c96aab72108df210c1ddaebc"
}
2026-06-09 12:34:31,640 | DEBUG    | Thread-203 (process_request_thread) | 客户端领取任务完成
{
  "username": "britney",
  "count": 1,
  "taskIds": [
    "893029388882173965"
  ]
}
2026-06-09 12:34:52,576 | DEBUG    | Thread-209 (process_request_thread) | 客户端请求领取任务
{
  "username": "britney",
  "limit": 1
}
2026-06-09 12:34:53,948 | DEBUG    | Thread-209 (process_request_thread) | 外部任务已写入本地队列
{
  "externalTaskId": "893029388630364196",
  "taskName": "心相印大耳狗大包悬挂抽纸餐巾纸家用实惠装厕纸擦手纸卫生纸zl",
  "targetUrl": "http://detail.tmall.com/item.htm?id=974311394530&ns=1&abbucket=18&xxc=taobaoSearch&mi_id=0000Tr3YHR6jYCN2cJJOzA2sv2A4daIhR-DSbRWu1uNMDLQ&skuId=6093859143608"
}
2026-06-09 12:34:53,954 | DEBUG    | Thread-209 (process_request_thread) | 客户端领取任务完成
{
  "username": "britney",
  "count": 1,
  "taskIds": [
    "893029388630364196"
  ]
}
2026-06-09 12:35:13,655 | DEBUG    | Thread-215 (process_request_thread) | 客户端请求领取任务
{
  "username": "britney",
  "limit": 1
}
2026-06-09 12:35:15,001 | DEBUG    | Thread-215 (process_request_thread) | 外部任务缺少必要字段，已跳过
{
  "payload": {
    "taskId": "893029388596961284",
    "content": {
      "competitorId": "1015287614980",
      "keyWord": "",
      "picUrl": "",
      "recallCnt": 0,
      "shopId": "",
      "shopUrl": "",
      "brandId": "",
      "brandName": "",
      "targetUrl": "",
      "extInfo": "",
      "pageNum": 0,
      "pageSize": 0,
      "sortType": "DEFAULT_SEARCH_SORT",
      "itemName": "",
      "maxPage": 0
    },
    "priority": 90
  }
}
2026-06-09 12:35:15,003 | DEBUG    | Thread-215 (process_request_thread) | 客户端领取任务完成
{
  "username": "britney",
  "count": 0,
  "taskIds": []
}
2026-06-09 12:35:25,244 | DEBUG    | Thread-216 (process_request_thread) | 客户端请求领取任务
{
  "username": "britney",
  "limit": 1
}
2026-06-09 12:35:26,622 | DEBUG    | Thread-216 (process_request_thread) | 外部任务已写入本地队列
{
  "externalTaskId": "893029388580184093",
  "taskName": "阿迪达斯三叶草运动T恤女纯棉短袖 夏季新款情侣装宽松白色上衣男",
  "targetUrl": "https://item.taobao.com/item.htm?id=891789356510"
}
2026-06-09 12:35:26,627 | DEBUG    | Thread-216 (process_request_thread) | 客户端领取任务完成
{
  "username": "britney",
  "count": 1,
  "taskIds": [
    "893029388580184093"
  ]
}
2026-06-09 12:35:47,423 | DEBUG    | Thread-222 (process_request_thread) | 客户端请求领取任务
{
  "username": "britney",
  "limit": 1
}
2026-06-09 12:35:48,814 | DEBUG    | Thread-222 (process_request_thread) | 外部任务缺少必要字段，已跳过
{
  "payload": {
    "taskId": "893029388315799612",
    "content": {
      "competitorId": "934584045283",
      "keyWord": "",
      "picUrl": "",
      "recallCnt": 0,
      "shopId": "",
      "shopUrl": "",
      "brandId": "",
      "brandName": "",
      "targetUrl": "",
      "extInfo": "",
      "pageNum": 0,
      "pageSize": 0,
      "sortType": "DEFAULT_SEARCH_SORT",
      "itemName": "",
      "maxPage": 0
    },
    "priority": 90
  }
}
2026-06-09 12:35:48,815 | DEBUG    | Thread-222 (process_request_thread) | 客户端领取任务完成
{
  "username": "britney",
  "count": 0,
  "taskIds": []
}
2026-06-09 12:35:59,244 | DEBUG    | Thread-223 (process_request_thread) | 客户端请求领取任务
{
  "username": "britney",
  "limit": 1
}
2026-06-09 12:36:00,656 | DEBUG    | Thread-223 (process_request_thread) | 外部任务已写入本地队列
{
  "externalTaskId": "893029388303360026",
  "taskName": "心相印悬挂式茶语抽纸餐巾纸家用实惠装厕纸擦手纸抽卫生纸巾整箱",
  "targetUrl": "//item.taobao.com/item.htm?id=774512110571&etype=1&eurl=http%3A%2F%2Fmclick.simba.taobao.com%2Fcc_im%3Fp%3D%26s%3D599525148%26k%3D2265%26e%3DT7E4PzD37MgKD0t3tnlPcFPjXLWmEqCyp2HvVrVx13jqwoO7VJLLAe5JECICQeKDHqvb12mAybM%252B1WxuRYRKIpd8OL2MMQQ7xuEv%252Fq2ZOwhlTzyge%252BNLCFQozK144sCKHrOI3J44h44IOF6Xd4Clh7JnCM6Smiz%252BfFOfXcGfl0ftzcvCtJoXY%252BNBZqaSGcYf8ovBLH9zDNg9G5yJv5YYucX4j0RxNe1fKq0Dt5HlqyFcJnDP1WpoVIA%252BvJoMAcfOTmVIVQ1delWY6fNH1IWwlgSWPhDhEOtRLnf426PrzD2B7Gem8CCBhxK9EsZZbykefDbvPiL%252BFYoIPupopqyHPYyKe1szY98ZA7vqGRQ8Au1NIBlbwhjd38WIa26sjTqQQu3jKbpKxZH4VsOODZOoLl8CHk4g01VgEK%252FO1%252B8NnRAM22R4oPcDZikm1lebgmMvucTtKA4DsmR7yok87gtlmTPUyTGNu3%252BlZjGslF8Hlhd8YiEz72M43FDWtK%252Fecznfhlk3yPEAitOcXxGLN364FYA2L7dl3%252FOfYserehjeNZtQv8ES6nhhf4xlgrnFpUGckMEqHBOodxERzifEqZcJ7rDzfGcXsv12wyaOqy2LoakKVBoXEX%252BqRWmNkz1wvLO0EGf08jxiNkAJ5gGXfJ7fSRd3ciwH6Cov%252B3Sn47qV0qh4E4N2NxSDV7St0y7aGc6iKHNU7U7Cl5Et7OD80oq%252F5%252FHOXowXzy5kE5ybgBNGeteSTNum3Zm8uC1PDXo5WOMLpF41uiLCW0IfCsohJl5J08nqStDd0AFsdAUcgsqZ9p8KZkfUCu0e4gnmAZd8nt9JImpEsHxtRWqlzpFT7Q4%252Bghpzqd64THrvGuaIjppKRMjeLi8hnKwdFv1TiO4E1RoTbQfKfzkN9Y96ODqFb3O1MY6TFiUN1G2AoCv71GujrTmorVOhe20YYpb9FWQcwxqAQ%252BLUeUwFtEvjYm2fDLUcaUcgldlOmu%252FbQSeipFXhGqNrMvQCirffFEBFWZcj1cxev2u4CyxzhZE%252F4nFjvLiyPdiJQcXlY7U90MPl%252BLWy92h8xfjRHBDYD%252BV1bDcwIKfFp%252BHIUFiH4glEvTqlHzkPdIOhDoQM7a84zvf6jXruQc%252BSZH1E0ukfUIaLSJp2zVUfYc9e6Pci118fwZNq7%252B3eKh0zNoJnswZaJ1KyS%252B4DCXCEBvfpavPwShnPqhsIvZHUWooUOjABGidNEhwK3gfOp1lglFcr05AaEc4nxKmXCe6MZYK5xaVBnEvzo%252BE2v8x1UL%252FBEup4YX%252Bw83xnF7L9dsCWi7E8z%252B8ViUUHeqmfzihMNOKEBj9n5CIM7CmF0UJZiscTO4u%252FCo%252F8MDCBH4TzJTtdaO%252Fc8IJBFaqRErCG6aazq4I%252F1%252FKqHv%252BDuMZlz5Z44PWufJzAbMS%252Fx6Hge1IhfTCKYPVUjIoCgnsyWtFwqgrT76A2ls3YDVDrfyUZn7wUV6HYEWlXeHGJJdpiGEe1BVyMl3yXRGlqb6j1MvT4nKlP8zrVqhXsyIjgOoXN9ZQ%252BbR0H46kv5shhJ%252FKWvd7tF3KqHy87ElXmpbD0HgdCv3rGgucVL%252FfIVZ5FFBWwsaJj76RYZMGd86aDyMVY9bdD0rJL%252FC9aZfMC0zit3qSemBAeLE9BR9GsOMUo1YmN1LEiSl%252BX4nC%252BfklYh30IJRXbXo6USWB4xWTb5%252BGLVSLs%252FZO5iMwB05eFRe0mJZTo65cUfdL2J%252B9azVNl0bDXiiWI7c0GTjrn8VH6iumO2Ygz5NeLIPpiPrXZHL6xIHaV2HpeR9hCtCqRMOqlbmd39yvNT%252FokjmSNOSV7bO2UB1DAOf3sDLcRWfaf3eFl1f95vBjNL5XW5zU2OEc6XbBIFX%252FjQFHNhmYfj%252FGpjeqIzyKurv6fp2i%252BI8yetepqxhpmkTO6HP1wb7JOAMbhAFMMAtk7qv%252FFwjbZs4fhSC1tOYU4xzQzXg9hjkt%252BACSt1FjekLrGYiBstNyalgmKutuptt0hhPKcFtC7%252BQDFz1S93G1cesFYS3yquMB7s9%252BxfSPxhGK0L0UvsV8WzrSd2IvR25kelrGTlt8%252B126c%252BsJthl03RDUjdk5ZQupHKHtyFDuwH5y9k5p8pGK9%252FHCVZKuXHcnF5%252FBIlSTf%252BOFdrC72D%252BItbHuorZ6aTebbyUWQkDqp6nUM4biNM442qyoYoWgMUbmOdAKehP98mlyPsi0cwLKrRArPVaZFvNcP45%252FPIDa0hqyXee3orMkQ%252Fh%252Bi3bVzBbnRpQ%253D%253D%26eadt%3D318%26mm_sceneid%3D0_0_322140195_0&epid=430789_1006&xxc=pailitao&utd_id=acO%2FjvDChKQDAB550U1az59z&skuId=5470405019007&sid=45ec5644e09c8a4c943cb02a424ae9d2"
}
2026-06-09 12:36:00,663 | DEBUG    | Thread-223 (process_request_thread) | 客户端领取任务完成
{
  "username": "britney",
  "count": 1,
  "taskIds": [
    "893029388303360026"
  ]
}
2026-06-09 12:36:12,904 | DEBUG    | Thread-228 (process_request_thread) | 客户端请求领取任务
{
  "username": "britney",
  "limit": 1
}
2026-06-09 12:36:14,323 | DEBUG    | Thread-228 (process_request_thread) | 外部任务已写入本地队列
{
  "externalTaskId": "893029388248694804",
  "taskName": "外部任务 893029388248694804",
  "targetUrl": "http://a.m.taobao.com/i816330490528.htm?&amp;v=1.0&amp;sid=scd9b8002c89b0c3abbbedf2bc1a36cf&amp;jose=1"
}
2026-06-09 12:36:14,329 | DEBUG    | Thread-228 (process_request_thread) | 客户端领取任务完成
{
  "username": "britney",
  "count": 1,
  "taskIds": [
    "893029388248694804"
  ]
}
2026-06-09 12:36:31,244 | DEBUG    | Thread-234 (process_request_thread) | 客户端请求领取任务
{
  "username": "britney",
  "limit": 1
}
2026-06-09 12:36:32,598 | DEBUG    | Thread-234 (process_request_thread) | 外部任务缺少必要字段，已跳过
{
  "payload": {
    "taskId": "893029388240293919",
    "content": {
      "competitorId": "979598600657",
      "keyWord": "",
      "picUrl": "",
      "recallCnt": 0,
      "shopId": "",
      "shopUrl": "",
      "brandId": "",
      "brandName": "",
      "targetUrl": "",
      "extInfo": "",
      "pageNum": 0,
      "pageSize": 0,
      "sortType": "DEFAULT_SEARCH_SORT",
      "itemName": "",
      "maxPage": 0
    },
    "priority": 90
  }
}
2026-06-09 12:36:32,602 | DEBUG    | Thread-234 (process_request_thread) | 客户端领取任务完成
{
  "username": "britney",
  "count": 0,
  "taskIds": []
}
2026-06-09 12:36:42,244 | DEBUG    | Thread-235 (process_request_thread) | 客户端请求领取任务
{
  "username": "britney",
  "limit": 1
}
2026-06-09 12:36:43,724 | DEBUG    | Thread-235 (process_request_thread) | 外部任务已写入本地队列
{
  "externalTaskId": "893029388206739488",
  "taskName": "骆驼柔绵T神夏日短袖T恤女夏季新款情侣宽松复古运动休闲上衣男",
  "targetUrl": "http://a.m.taobao.com/i934448382784.htm?&utd_id=aJFMr7sZm%2BIDAP8T2V4TOYlF&ttid=600129%40taobao_android_10.59.20&v=1.0&sid=190ae9810e0f6f52d6bb2d7833a7b708"
}
2026-06-09 12:36:43,729 | DEBUG    | Thread-235 (process_request_thread) | 客户端领取任务完成
{
  "username": "britney",
  "count": 1,
  "taskIds": [
    "893029388206739488"
  ]
}
2026-06-09 12:37:00,245 | DEBUG    | Thread-241 (process_request_thread) | 客户端请求领取任务
{
  "username": "britney",
  "limit": 1
}
2026-06-09 12:37:01,665 | DEBUG    | Thread-241 (process_request_thread) | 外部任务缺少必要字段，已跳过
{
  "payload": {
    "taskId": "893029388202553370",
    "content": {
      "competitorId": "816640915003",
      "keyWord": "",
      "picUrl": "",
      "recallCnt": 0,
      "shopId": "",
      "shopUrl": "",
      "brandId": "",
      "brandName": "",
      "targetUrl": "",
      "extInfo": "",
      "pageNum": 0,
      "pageSize": 0,
      "sortType": "DEFAULT_SEARCH_SORT",
      "itemName": "",
      "maxPage": 0
    },
    "priority": 90
  }
}
2026-06-09 12:37:01,668 | DEBUG    | Thread-241 (process_request_thread) | 客户端领取任务完成
{
  "username": "britney",
  "count": 0,
  "taskIds": []
}
2026-06-09 12:37:12,245 | DEBUG    | Thread-242 (process_request_thread) | 客户端请求领取任务
{
  "username": "britney",
  "limit": 1
}
2026-06-09 12:37:13,717 | DEBUG    | Thread-242 (process_request_thread) | 外部任务已写入本地队列
{
  "externalTaskId": "893029388189962255",
  "taskName": "心相印大耳狗联名款悬挂式抽纸大包大提4层320抽随心抽底部M码",
  "targetUrl": "https://item.taobao.com/item.htm?id=991916787103"
}
2026-06-09 12:37:13,720 | DEBUG    | Thread-242 (process_request_thread) | 客户端领取任务完成
{
  "username": "britney",
  "count": 1,
  "taskIds": [
    "893029388189962255"
  ]
}
2026-06-09 12:37:30,346 | DEBUG    | Thread-248 (process_request_thread) | 客户端请求领取任务
{
  "username": "britney",
  "limit": 1
}
2026-06-09 12:37:31,717 | DEBUG    | Thread-248 (process_request_thread) | 外部任务已写入本地队列
{
  "externalTaskId": "893029388156571732",
  "taskName": "外部任务 893029388156571732",
  "targetUrl": "http://a.m.taobao.com/i674846637287.htm?&utd_id=aTowuSdZImADAOGQ4mq6as1b&ttid=1568860058617%40taobao_android_10.56.0&v=1.0&sid=1d42c68838b2c4245097432194bdae33"
}
2026-06-09 12:37:31,723 | DEBUG    | Thread-248 (process_request_thread) | 客户端领取任务完成
{
  "username": "britney",
  "count": 1,
  "taskIds": [
    "893029388156571732"
  ]
}
2026-06-09 12:37:51,622 | DEBUG    | Thread-254 (process_request_thread) | 客户端请求领取任务
{
  "username": "britney",
  "limit": 1
}
2026-06-09 12:37:53,022 | DEBUG    | Thread-254 (process_request_thread) | 外部任务已写入本地队列
{
  "externalTaskId": "893029386407383041",
  "taskName": "外部任务 893029386407383041",
  "targetUrl": "http://a.m.taobao.com/i953779808538.htm?&utd_id=aVnhUV7UO%2FQDAG0r6kt%2FW3N3&ttid=700169%40taobaolive_android_4.30.18&v=1.0&sid=1e21ffb600450487ca72b4a6816a1727"
}
2026-06-09 12:37:53,028 | DEBUG    | Thread-254 (process_request_thread) | 客户端领取任务完成
{
  "username": "britney",
  "count": 1,
  "taskIds": [
    "893029386407383041"
  ]
}
2026-06-09 12:38:10,829 | DEBUG    | Thread-260 (process_request_thread) | 客户端请求领取任务
{
  "username": "britney",
  "limit": 1
}
2026-06-09 12:38:12,213 | DEBUG    | Thread-260 (process_request_thread) | 外部任务已写入本地队列
{
  "externalTaskId": "893029386357215254",
  "taskName": "心相印抽纸悬挂式抽大包M码家用挂抽卫生纸4层卫生纸厕纸整箱装",
  "targetUrl": "http://a.m.taobao.com/i737716898342.htm?&utd_id=ace5TagpXpgDAHC4DpHMFNJp&skuId=5727620378019&sid=6f0af24283ed95e9325b18359b0eb439&mi_id=00002fA2QjOJAdTcHtFOqIcHoNvhSxPTSyez7i5yHTJ7zlY"
}
2026-06-09 12:38:12,217 | DEBUG    | Thread-260 (process_request_thread) | 客户端领取任务完成
{
  "username": "britney",
  "count": 1,
  "taskIds": [
    "893029386357215254"
  ]
}
2026-06-09 12:38:32,237 | DEBUG    | Thread-266 (process_request_thread) | 客户端请求领取任务
{
  "username": "britney",
  "limit": 1
}
2026-06-09 12:38:33,617 | DEBUG    | Thread-266 (process_request_thread) | 外部任务已写入本地队列
{
  "externalTaskId": "893029385585299534",
  "taskName": "金运A20蓝牙耳机耳夹入耳式两用型无线开放式超长续航大电量转轴",
  "targetUrl": "http://detail.tmall.com/item.htm?id=860542272258&ns=1&abbucket=20&xxc=taobaoSearch&mi_id=0000eIcJvbNoO_6UaiRvbo8QDa7Oa42oAMzbD2wASOWd5Hg&skuId=5674459164046"
}
2026-06-09 12:38:33,620 | DEBUG    | Thread-266 (process_request_thread) | 客户端领取任务完成
{
  "username": "britney",
  "count": 1,
  "taskIds": [
    "893029385585299534"
  ]
}
2026-06-09 12:38:52,237 | DEBUG    | Thread-272 (process_request_thread) | 客户端请求领取任务
{
  "username": "britney",
  "limit": 1
}
2026-06-09 12:38:53,597 | DEBUG    | Thread-272 (process_request_thread) | 外部任务已写入本地队列
{
  "externalTaskId": "893029385535131657",
  "taskName": "骆驼纯棉T神夏日短袖T恤女2026夏新款情侣宽松复古运动休闲上衣男",
  "targetUrl": "http://detail.tmall.com/item.htm?id=889585235466&ns=1&abbucket=15&xxc=taobaoSearch&mi_id=0000W42iMBugH48jYt9Iwsmx9PUo7-Bo1Ay36rksRGmWsEA&skuId=5902186390730"
}
2026-06-09 12:38:53,601 | DEBUG    | Thread-272 (process_request_thread) | 客户端领取任务完成
{
  "username": "britney",
  "count": 1,
  "taskIds": [
    "893029385535131657"
  ]
}
2026-06-09 12:39:14,395 | DEBUG    | Thread-278 (process_request_thread) | 客户端请求领取任务
{
  "username": "britney",
  "limit": 1
}
2026-06-09 12:39:15,757 | DEBUG    | Thread-278 (process_request_thread) | 外部任务已写入本地队列
{
  "externalTaskId": "893029385522548741",
  "taskName": "外部任务 893029385522548741",
  "targetUrl": "http://a.m.taobao.com/i873643966537.htm?&amp;v=1.0&amp;sid=sb230c904c24e80630c6de14214ebf85&amp;jose=1"
}
2026-06-09 12:39:15,762 | DEBUG    | Thread-278 (process_request_thread) | 客户端领取任务完成
{
  "username": "britney",
  "count": 1,
  "taskIds": [
    "893029385522548741"
  ]
}
2026-06-09 12:39:33,727 | DEBUG    | Thread-284 (process_request_thread) | 客户端请求领取任务
{
  "username": "britney",
  "limit": 1
}
2026-06-09 12:39:35,075 | DEBUG    | Thread-284 (process_request_thread) | 外部任务缺少必要字段，已跳过
{
  "payload": {
    "taskId": "893029390824153136",
    "content": {
      "competitorId": "960880287321",
      "keyWord": "",
      "picUrl": "",
      "recallCnt": 0,
      "shopId": "",
      "shopUrl": "",
      "brandId": "",
      "brandName": "",
      "targetUrl": "",
      "extInfo": "",
      "pageNum": 0,
      "pageSize": 0,
      "sortType": "DEFAULT_SEARCH_SORT",
      "itemName": "",
      "maxPage": 0
    },
    "priority": 90
  }
}
2026-06-09 12:39:35,078 | DEBUG    | Thread-284 (process_request_thread) | 客户端领取任务完成
{
  "username": "britney",
  "count": 0,
  "taskIds": []
}
2026-06-09 12:39:45,225 | DEBUG    | Thread-285 (process_request_thread) | 客户端请求领取任务
{
  "username": "britney",
  "limit": 1
}
2026-06-09 12:39:46,664 | DEBUG    | Thread-285 (process_request_thread) | 外部任务缺少必要字段，已跳过
{
  "payload": {
    "taskId": "893029390794792980",
    "content": {
      "competitorId": "962638732230",
      "keyWord": "",
      "picUrl": "",
      "recallCnt": 0,
      "shopId": "",
      "shopUrl": "",
      "brandId": "",
      "brandName": "",
      "targetUrl": "",
      "extInfo": "",
      "pageNum": 0,
      "pageSize": 0,
      "sortType": "DEFAULT_SEARCH_SORT",
      "itemName": "",
      "maxPage": 0
    },
    "priority": 90
  }
}
2026-06-09 12:39:46,666 | DEBUG    | Thread-285 (process_request_thread) | 客户端领取任务完成
{
  "username": "britney",
  "count": 0,
  "taskIds": []
}
2026-06-09 12:39:57,246 | DEBUG    | Thread-286 (process_request_thread) | 客户端请求领取任务
{
  "username": "britney",
  "limit": 1
}
2026-06-09 12:39:58,662 | DEBUG    | Thread-286 (process_request_thread) | 外部任务已写入本地队列
{
  "externalTaskId": "893029390585061402",
  "taskName": "心相印悬挂式抽纸卫生纸大耳狗联名整箱餐巾纸擦手纸厕纸母婴可用",
  "targetUrl": "http://detail.tmall.com/item.htm?id=807955545236&ns=1&abbucket=8&xxc=taobaoSearch&mi_id=0000aU90HIIPO0wFtKzc3VbfsMUXgOLkpYvp_9AlUmC-Y1U&skuId=5672105890763"
}
2026-06-09 12:39:58,667 | DEBUG    | Thread-286 (process_request_thread) | 客户端领取任务完成
{
  "username": "britney",
  "count": 1,
  "taskIds": [
    "893029390585061402"
  ]
}
2026-06-09 12:40:17,258 | DEBUG    | Thread-292 (process_request_thread) | 客户端请求领取任务
{
  "username": "britney",
  "limit": 1
}
2026-06-09 12:40:18,632 | DEBUG    | Thread-292 (process_request_thread) | 外部任务已写入本地队列
{
  "externalTaskId": "893029390056591451",
  "taskName": "外部任务 893029390056591451",
  "targetUrl": "http://a.m.taobao.com/i886495778535.htm?&utd_id=acO%2FjvDChKQDAB550U1az59z&skuId=6021322961573&sid=d119c39162f79665dc115efeacb09f81&mi_id=0000FoW2RXBrX-V_unonxfKBUpCS26AG24aNw0A8yCFhCXE"
}
2026-06-09 12:40:18,635 | DEBUG    | Thread-292 (process_request_thread) | 客户端领取任务完成
{
  "username": "britney",
  "count": 1,
  "taskIds": [
    "893029390056591451"
  ]
}
2026-06-09 12:40:36,745 | DEBUG    | Thread-298 (process_request_thread) | 客户端请求领取任务
{
  "username": "britney",
  "limit": 1
}
2026-06-09 12:40:38,143 | DEBUG    | Thread-298 (process_request_thread) | 外部任务已写入本地队列
{
  "externalTaskId": "893029390048190558",
  "taskName": "心相印抽纸悬挂式抽纸三丽鸥联名餐巾纸厕纸加大M码320抽4提by",
  "targetUrl": "http://detail.tmall.com/item.htm?id=867967541679&ns=1&abbucket=17&xxc=taobaoSearch&mi_id=0000gnSHgZ7I7kzlnYZ12DOgby9SWIU2BBMwnuz5kWobSQQ&skuId=5694268672467"
}
2026-06-09 12:40:38,148 | DEBUG    | Thread-298 (process_request_thread) | 客户端领取任务完成
{
  "username": "britney",
  "count": 1,
  "taskIds": [
    "893029390048190558"
  ]
}
2026-06-09 12:40:58,187 | DEBUG    | Thread-304 (process_request_thread) | 客户端请求领取任务
{
  "username": "britney",
  "limit": 1
}
2026-06-09 12:40:59,544 | DEBUG    | Thread-304 (process_request_thread) | 外部任务已写入本地队列
{
  "externalTaskId": "893029389842530310",
  "taskName": "2026新款蓝牙双耳机翻译入耳夹降噪气骨传导运动无线开放政府补贴",
  "targetUrl": "http://a.m.taobao.com/i971652504770.htm?&utd_id=aVnhUV7UO%2FQDAG0r6kt%2FW3N3&ttid=1568860058617%40taobao_android_10.59.20&v=1.0&sid=2502a479007fd5a8a7221b26763b824c"
}
2026-06-09 12:40:59,549 | DEBUG    | Thread-304 (process_request_thread) | 客户端领取任务完成
{
  "username": "britney",
  "count": 1,
  "taskIds": [
    "893029389842530310"
  ]
}
2026-06-09 12:41:16,686 | DEBUG    | Thread-310 (process_request_thread) | 客户端请求领取任务
{
  "username": "britney",
  "limit": 1
}
2026-06-09 12:41:18,059 | DEBUG    | Thread-310 (process_request_thread) | 外部任务已写入本地队列
{
  "externalTaskId": "893029389796532232",
  "taskName": "心相印悬挂式抽纸卫生纸抽整箱餐巾纸大包加厚M码320抽壁挂式厕纸",
  "targetUrl": "http://detail.tmall.com/item.htm?id=1001924976348&ns=1&abbucket=1&xxc=taobaoSearch&mi_id=0000v9RDWSsMR7yJH6rEtUFi6CJIFZxq3d6dbgcHbBmVL2Q&skuId=5987290252167"
}
2026-06-09 12:41:18,064 | DEBUG    | Thread-310 (process_request_thread) | 客户端领取任务完成
{
  "username": "britney",
  "count": 1,
  "taskIds": [
    "893029389796532232"
  ]
}
2026-06-09 12:41:33,808 | DEBUG    | Thread-316 (process_request_thread) | 客户端请求领取任务
{
  "username": "britney",
  "limit": 1
}
2026-06-09 12:41:35,169 | DEBUG    | Thread-316 (process_request_thread) | 外部任务缺少必要字段，已跳过
{
  "payload": {
    "taskId": "893029389666369623",
    "content": {
      "competitorId": "1042868020208",
      "keyWord": "",
      "picUrl": "",
      "recallCnt": 0,
      "shopId": "",
      "shopUrl": "",
      "brandId": "",
      "brandName": "",
      "targetUrl": "",
      "extInfo": "",
      "pageNum": 0,
      "pageSize": 0,
      "sortType": "DEFAULT_SEARCH_SORT",
      "itemName": "",
      "maxPage": 0
    },
    "priority": 90
  }
}
2026-06-09 12:41:35,173 | DEBUG    | Thread-316 (process_request_thread) | 客户端领取任务完成
{
  "username": "britney",
  "count": 0,
  "taskIds": []
}
2026-06-09 12:41:45,246 | DEBUG    | Thread-317 (process_request_thread) | 客户端请求领取任务
{
  "username": "britney",
  "limit": 1
}
2026-06-09 12:41:46,669 | DEBUG    | Thread-317 (process_request_thread) | 外部任务已写入本地队列
{
  "externalTaskId": "893029389657985115",
  "taskName": "【详情享优惠】心相印云感/三丽鸥抽纸挂抽多规格餐巾纸卫生纸巾",
  "targetUrl": "http://a.m.taobao.com/i604301910718.htm?&utd_id=afVpZID9QnYDABswa8kqJCtU&sid=f4cf8bf6defe574427fd7c6c782ce673&mi_id=0000Ey9oS-HAQVqKhYOR9alvNa5A_SYZViDRlhIafNgvHH8"
}
2026-06-09 12:41:46,674 | DEBUG    | Thread-317 (process_request_thread) | 客户端领取任务完成
{
  "username": "britney",
  "count": 1,
  "taskIds": [
    "893029389657985115"
  ]
}
2026-06-09 12:42:06,110 | DEBUG    | Thread-323 (process_request_thread) | 客户端请求领取任务
{
  "username": "britney",
  "limit": 1
}
2026-06-09 12:42:07,521 | DEBUG    | Thread-323 (process_request_thread) | 外部任务已写入本地队列
{
  "externalTaskId": "893030889343963184",
  "taskName": "外部任务 893030889343963184",
  "targetUrl": "http://a.m.taobao.com/i935192821037.htm?&utd_id=afLtyWwBoaYDALPRADN99sed&ttid=1568860058617%40taobao_android_10.59.40&v=1.0&sid=24833a59ff3304630b79fd795b16170a&jose=1"
}
2026-06-09 12:42:07,526 | DEBUG    | Thread-323 (process_request_thread) | 客户端领取任务完成
{
  "username": "britney",
  "count": 1,
  "taskIds": [
    "893030889343963184"
  ]
}
2026-06-09 12:42:26,746 | DEBUG    | Thread-329 (process_request_thread) | 客户端请求领取任务
{
  "username": "britney",
  "limit": 1
}
2026-06-09 12:42:28,115 | DEBUG    | Thread-329 (process_request_thread) | 外部任务已写入本地队列
{
  "externalTaskId": "893030888588972101",
  "taskName": "康师傅方便面红烧牛肉面香辣牛肉面袋装夜宵速食泡面宿舍即食品",
  "targetUrl": "https://detail.tmall.com/item.htm?id=630713576213&xxc=shop&mi_id=0000lr_7Wpm9WF9aCrz3pbGWLchz4VoghWP-PYCp5Y-Rzvo"
}
2026-06-09 12:42:28,119 | DEBUG    | Thread-329 (process_request_thread) | 客户端领取任务完成
{
  "username": "britney",
  "count": 1,
  "taskIds": [
    "893030888588972101"
  ]
}
2026-06-09 12:42:44,822 | DEBUG    | Thread-335 (process_request_thread) | 客户端请求领取任务
{
  "username": "britney",
  "limit": 1
}
2026-06-09 12:42:46,270 | DEBUG    | Thread-335 (process_request_thread) | 外部任务已写入本地队列
{
  "externalTaskId": "893030890514157623",
  "taskName": "外部任务 893030890514157623",
  "targetUrl": "http://a.m.taobao.com/i970096671058.htm?&xxc=pailitao&utd_id=actSNzPXkWIDAJK8EH2fl5xB&skuId=5953627708941&sid=905dbbd1f35088e4a7c0aded1cbf7ba2&mi_id=0000gEyE9dRM8PQLvNIdmVTd_widQdzEZN8VoaC9SGeIY5U"
}
2026-06-09 12:42:46,273 | DEBUG    | Thread-335 (process_request_thread) | 客户端领取任务完成
{
  "username": "britney",
  "count": 1,
  "taskIds": [
    "893030890514157623"
  ]
}
